C51 COMPILER V9.03   ADC_DELSIG_1_PM                                                       07/11/2012 14:12:34 PAGE 1   


C51 COMPILER V9.03, COMPILATION OF MODULE ADC_DELSIG_1_PM
OBJECT MODULE PLACED IN .\DP8051\DP8051_Keil_903\Debug\ADC_DelSig_1_PM.obj
COMPILER INVOKED BY: D:\dev_soft\PSoC Creator\2.0\PSoC Creator\import\keil\pk51\9.03\C51\BIN\c51.exe .\Generated_Source\
                    -PSoC3\ADC_DelSig_1_PM.c NOIV LARGE MODDP2 OMF2 VB(1) PR(.\DP8051\DP8051_Keil_903\Debug\ADC_DelSig_1_PM.lst) CD DB NOIP O
                    -T(2,SIZE) INCDIR(Generated_Source\PSoC3) OJ(.\DP8051\DP8051_Keil_903\Debug\ADC_DelSig_1_PM.obj)

line level    source

   1          /*******************************************************************************
   2          * File Name: ADC_DelSig_1_PM.c  
   3          * Version 2.20
   4          *
   5          * Description:
   6          *  This file provides the power manager source code to the API for the 
   7          *  Delta-Sigma ADC  Component.
   8          *
   9          * Note:
  10          *
  11          *******************************************************************************
  12          * Copyright 2008-2011, Cypress Semiconductor Corporation.  All rights reserved.
  13          * You may use this file only in accordance with the license, terms, conditions, 
  14          * disclaimers, and limitations in the end user license agreement accompanying 
  15          * the software package with which this file was provided.
  16          ********************************************************************************/
  17          
  18          #include "ADC_DelSig_1.h"
  19          
  20          static ADC_DelSig_1_BACKUP_STRUCT ADC_DelSig_1_backup = 
  21          {
  22              ADC_DelSig_1_DISABLED,
  23              ADC_DelSig_1_CFG1_DEC_CR
  24          };
  25          
  26          
  27          /*******************************************************************************  
  28          * Function Name: ADC_DelSig_1_SaveConfig
  29          ********************************************************************************
  30          *
  31          * Summary:
  32          *  Save the register configuration which are not retention.
  33          * 
  34          * Parameters:
  35          *  void
  36          * 
  37          * Return:
  38          *  void
  39          *
  40          * Global variables:
  41          *  ADC_DelSig_1_backup:  This global structure variable is used to store 
  42          *  configuration registers which are non retention whenever user wants to go 
  43          *  sleep mode by calling Sleep() API.
  44          
  45          *
  46          * Reentrance:
  47          *  No
  48          *
  49          *******************************************************************************/
  50          void ADC_DelSig_1_SaveConfig(void)
  51          {
  52   1          ADC_DelSig_1_backup.deccr = ADC_DelSig_1_DEC_CR_REG;
  53   1      }
C51 COMPILER V9.03   ADC_DELSIG_1_PM                                                       07/11/2012 14:12:34 PAGE 2   

  54          
  55          
  56          /*******************************************************************************  
  57          * Function Name: ADC_DelSig_1_RestoreConfig
  58          ********************************************************************************
  59          *
  60          * Summary:
  61          *  Restore the register configurations which are not retention.
  62          * 
  63          * Parameters:
  64          *  void
  65          * 
  66          * Return:
  67          *  void
  68          *
  69          * Global variables:
  70          *  ADC_DelSig_1_backup:  This global structure variable is used to restore 
  71          *  configuration registers which are non retention whenever user wants to switch 
  72          *  to active power mode by calling Wakeup() API.
  73          *
  74          * Reentrance:
  75          *  No
  76          *
  77          *******************************************************************************/
  78          void ADC_DelSig_1_RestoreConfig(void) 
  79          {
  80   1          ADC_DelSig_1_DEC_CR_REG = ADC_DelSig_1_backup.deccr;
  81   1      }
  82          
  83          
  84          /******************************************************************************* 
  85          * Function Name: ADC_DelSig_1_Sleep
  86          ********************************************************************************
  87          *
  88          * Summary:
  89          *  Stops the operation of the block and saves the user configuration. 
  90          *  
  91          * Parameters:  
  92          *  void
  93          *
  94          * Return: 
  95          *  void
  96          *
  97          * Global variables:
  98          *  ADC_DelSig_1_backup:  The structure field 'enableState' is modified 
  99          *  depending on the enable state of the block before entering to sleep mode.
 100          
 101          *
 102          * Reentrance: 
 103          *  No
 104          *
 105          *******************************************************************************/
 106          void ADC_DelSig_1_Sleep(void)
 107          {
 108   1          /* Save ADC enable state */
 109   1          if((ADC_DelSig_1_ACT_PWR_DEC_EN == (ADC_DelSig_1_PWRMGR_DEC_REG & ADC_DelSig_1_ACT_PWR_DEC_EN)) &&
 110   1             (ADC_DelSig_1_ACT_PWR_DSM_EN == (ADC_DelSig_1_PWRMGR_DSM_REG & ADC_DelSig_1_ACT_PWR_DSM_EN)))
 111   1          {
 112   2              /* Component is enabled */
 113   2              ADC_DelSig_1_backup.enableState = ADC_DelSig_1_ENABLED;
 114   2          }
 115   1          else
C51 COMPILER V9.03   ADC_DELSIG_1_PM                                                       07/11/2012 14:12:34 PAGE 3   

 116   1          {
 117   2              /* Component is disabled */
 118   2              ADC_DelSig_1_backup.enableState = ADC_DelSig_1_DISABLED;
 119   2          }
 120   1      
 121   1          /* Stop the configuration */
 122   1          ADC_DelSig_1_Stop();
 123   1      
 124   1          /* Save the user configuration */
 125   1          ADC_DelSig_1_SaveConfig();
 126   1      }
 127          
 128          
 129          /******************************************************************************* 
 130          * Function Name: ADC_DelSig_1_Wakeup
 131          ********************************************************************************
 132          *
 133          * Summary:
 134          *  Restores the user configuration and enables the power to the block.
 135          *  
 136          * Parameters:  
 137          *  void
 138          *
 139          * Return: 
 140          *  void
 141          *
 142          * Global variables:
 143          *  ADC_DelSig_1_backup:  The structure field 'enableState' is used to 
 144          *  restore the enable state of block after wakeup from sleep mode.
 145          *
 146          * Reentrance: 
 147          *  No
 148          *
 149          *******************************************************************************/
 150          void ADC_DelSig_1_Wakeup(void) 
 151          {
 152   1          /* Restore the configuration */
 153   1          ADC_DelSig_1_RestoreConfig();
 154   1      
 155   1          /* Enable's the component operation */
 156   1          if(ADC_DelSig_1_backup.enableState == ADC_DelSig_1_ENABLED)
 157   1          {
 158   2              ADC_DelSig_1_Enable();
 159   2      
 160   2              /* Start the conversion only if conversion is not triggered by the hardware */
 161   2              if(!(ADC_DelSig_1_DEC_CR_REG & ADC_DelSig_1_DEC_XSTART_EN))
 162   2              {
 163   3                  ADC_DelSig_1_StartConvert();
 164   3              }
 165   2      
 166   2          } /* Do nothing if component was disable before */
 167   1      }
 168          
 169          
 170          /* [] END OF FILE */
C51 COMPILER V9.03   ADC_DELSIG_1_PM                                                       07/11/2012 14:12:34 PAGE 4   

ASSEMBLY LISTING OF GENERATED OBJECT CODE


             ; FUNCTION ADC_DelSig_1_SaveConfig (BEGIN)
                                           ; SOURCE LINE # 50
                                           ; SOURCE LINE # 51
                                           ; SOURCE LINE # 52
0000 904E00            MOV     DPTR,#04E00H
0003 E0                MOVX    A,@DPTR
0004 FF                MOV     R7,A
0005 900000      R     MOV     DPTR,#ADC_DelSig_1_backup+01H
0008 EF                MOV     A,R7
0009 F0                MOVX    @DPTR,A
                                           ; SOURCE LINE # 53
000A 22                RET     
             ; FUNCTION ADC_DelSig_1_SaveConfig (END)

             ; FUNCTION ADC_DelSig_1_RestoreConfig (BEGIN)
                                           ; SOURCE LINE # 78
                                           ; SOURCE LINE # 79
                                           ; SOURCE LINE # 80
0000 900000      R     MOV     DPTR,#ADC_DelSig_1_backup+01H
0003 E0                MOVX    A,@DPTR
0004 FF                MOV     R7,A
0005 904E00            MOV     DPTR,#04E00H
0008 EF                MOV     A,R7
0009 F0                MOVX    @DPTR,A
                                           ; SOURCE LINE # 81
000A 22                RET     
             ; FUNCTION ADC_DelSig_1_RestoreConfig (END)

             ; FUNCTION ADC_DelSig_1_Sleep (BEGIN)
                                           ; SOURCE LINE # 106
                                           ; SOURCE LINE # 107
                                           ; SOURCE LINE # 110
0000 9043AA            MOV     DPTR,#043AAH
0003 E0                MOVX    A,@DPTR
0004 FF                MOV     R7,A
0005 EF                MOV     A,R7
0006 5401              ANL     A,#01H
0008 FF                MOV     R7,A
0009 7E00              MOV     R6,#00H
000B EF                MOV     A,R7
000C 6401              XRL     A,#01H
000E 4E                ORL     A,R6
000F 7019              JNZ     ?C0003
0011 9043C5            MOV     DPTR,#043C5H
0014 E0                MOVX    A,@DPTR
0015 FF                MOV     R7,A
0016 EF                MOV     A,R7
0017 5401              ANL     A,#01H
0019 FF                MOV     R7,A
001A 7E00              MOV     R6,#00H
001C EF                MOV     A,R7
001D 6401              XRL     A,#01H
001F 4E                ORL     A,R6
0020 7008              JNZ     ?C0003
                                           ; SOURCE LINE # 111
                                           ; SOURCE LINE # 113
0022 900000      R     MOV     DPTR,#ADC_DelSig_1_backup
0025 7401              MOV     A,#01H
0027 F0                MOVX    @DPTR,A
C51 COMPILER V9.03   ADC_DELSIG_1_PM                                                       07/11/2012 14:12:34 PAGE 5   

                                           ; SOURCE LINE # 114
0028 8005              SJMP    ?C0004
002A         ?C0003:
                                           ; SOURCE LINE # 116
                                           ; SOURCE LINE # 118
002A 900000      R     MOV     DPTR,#ADC_DelSig_1_backup
002D E4                CLR     A
002E F0                MOVX    @DPTR,A
                                           ; SOURCE LINE # 119
002F         ?C0004:
                                           ; SOURCE LINE # 122
002F 120000      E     LCALL   ADC_DelSig_1_Stop
                                           ; SOURCE LINE # 125
0032 120000      R     LCALL   ADC_DelSig_1_SaveConfig
                                           ; SOURCE LINE # 126
0035 22                RET     
             ; FUNCTION ADC_DelSig_1_Sleep (END)

             ; FUNCTION ADC_DelSig_1_Wakeup (BEGIN)
                                           ; SOURCE LINE # 150
                                           ; SOURCE LINE # 151
                                           ; SOURCE LINE # 153
0000 120000      R     LCALL   ADC_DelSig_1_RestoreConfig
                                           ; SOURCE LINE # 156
0003 900000      R     MOV     DPTR,#ADC_DelSig_1_backup
0006 E0                MOVX    A,@DPTR
0007 FF                MOV     R7,A
0008 EF                MOV     A,R7
0009 B40115            CJNE    A,#01H,?C0008
                                           ; SOURCE LINE # 157
                                           ; SOURCE LINE # 158
000C 120000      E     LCALL   ADC_DelSig_1_Enable
                                           ; SOURCE LINE # 161
000F 904E00            MOV     DPTR,#04E00H
0012 E0                MOVX    A,@DPTR
0013 FF                MOV     R7,A
0014 EF                MOV     A,R7
0015 5402              ANL     A,#02H
0017 FF                MOV     R7,A
0018 7E00              MOV     R6,#00H
001A EF                MOV     A,R7
001B 4E                ORL     A,R6
001C 7003              JNZ     ?C0008
                                           ; SOURCE LINE # 162
                                           ; SOURCE LINE # 163
001E 120000      E     LCALL   ADC_DelSig_1_StartConvert
                                           ; SOURCE LINE # 164
                                           ; SOURCE LINE # 166
                                           ; SOURCE LINE # 167
0021         ?C0008:
0021 22                RET     
             ; FUNCTION ADC_DelSig_1_Wakeup (END)



MODULE INFORMATION:   STATIC OVERLAYABLE
   CODE SIZE        =    110    ----
   CONSTANT SIZE    =   ----    ----
   XDATA SIZE       =      2    ----
   PDATA SIZE       =   ----    ----
   DATA SIZE        =   ----    ----
   IDATA SIZE       =   ----    ----
C51 COMPILER V9.03   ADC_DELSIG_1_PM                                                       07/11/2012 14:12:34 PAGE 6   

   BIT SIZE         =   ----    ----
   EDATA SIZE       =   ----    ----
   HDATA SIZE       =   ----    ----
   XDATA CONST SIZE =   ----    ----
   FAR CONST SIZE   =   ----    ----
END OF MODULE INFORMATION.


C51 COMPILATION COMPLETE.  0 WARNING(S),  0 ERROR(S)
