C51 COMPILER V9.03   LCD_CHAR_1_PM                                                         07/11/2012 14:12:36 PAGE 1   


C51 COMPILER V9.03, COMPILATION OF MODULE LCD_CHAR_1_PM
OBJECT MODULE PLACED IN .\DP8051\DP8051_Keil_903\Debug\LCD_Char_1_PM.obj
COMPILER INVOKED BY: D:\dev_soft\PSoC Creator\2.0\PSoC Creator\import\keil\pk51\9.03\C51\BIN\c51.exe .\Generated_Source\
                    -PSoC3\LCD_Char_1_PM.c NOIV LARGE MODDP2 OMF2 VB(1) PR(.\DP8051\DP8051_Keil_903\Debug\LCD_Char_1_PM.lst) CD DB NOIP OT(2,
                    -SIZE) INCDIR(Generated_Source\PSoC3) OJ(.\DP8051\DP8051_Keil_903\Debug\LCD_Char_1_PM.obj)

line level    source

   1          /*******************************************************************************
   2          * File Name: LCD_Char_1_PM.c
   3          * Version 1.50
   4          *
   5          * Description:
   6          *  This file provides the API source code for the Static Segment LCD component.
   7          *
   8          * Note:
   9          *
  10          ********************************************************************************
  11          * Copyright 2008-2010, Cypress Semiconductor Corporation.  All rights reserved.
  12          * You may use this file only in accordance with the license, terms, conditions,
  13          * disclaimers, and limitations in the end user license agreement accompanying
  14          * the software package with which this file was provided.
  15          *******************************************************************************/
  16          
  17          #include "LCD_Char_1.h"
  18          
  19          
  20          void LCD_Char_1_SaveConfig(void) ;
  21          void LCD_Char_1_RestoreConfig(void) ;
  22          extern void LCD_Char_1_Enable(void);
  23          
  24          static LCD_Char_1_BACKUP_STRUCT LCD_Char_1_backup;
  25          
  26          extern uint8 LCD_Char_1_enableState;
  27          
  28          
  29          /*******************************************************************************
  30          * Function Name: LCD_Char_1_SaveConfig
  31          ********************************************************************************
  32          *
  33          * Summary:
  34          *  Does nothing, provided for consistency.
  35          *
  36          * Parameters:
  37          *  None.
  38          *
  39          * Return:
  40          *  None.
  41          *
  42          *******************************************************************************/
  43          void LCD_Char_1_SaveConfig(void)
  44          {
  45   1      }
  46          
  47          
  48          /*******************************************************************************
  49          * Function Name: LCD_Char_1_RestoreConfig
  50          ********************************************************************************
  51          *
  52          * Summary:
  53          *  Does nothing, provided for consistency.
C51 COMPILER V9.03   LCD_CHAR_1_PM                                                         07/11/2012 14:12:36 PAGE 2   

  54          *  
  55          * Parameters:
  56          *  None.
  57          *
  58          * Return:
  59          *  None.
  60          *
  61          *******************************************************************************/
  62          void LCD_Char_1_RestoreConfig(void) 
  63          {
  64   1      }
  65          
  66          
  67          /*******************************************************************************
  68          * Function Name: LCD_Char_1_Sleep
  69          ********************************************************************************
  70          *
  71          * Summary:
  72          *  Prepares component for entering the sleep mode.
  73          *
  74          * Parameters:
  75          *  None.
  76          *
  77          * Return:
  78          *  None.
  79          *
  80          * Reentrant:
  81          *  No.
  82          *
  83          *******************************************************************************/
  84          void LCD_Char_1_Sleep(void)
  85          {
  86   1          LCD_Char_1_backup.enableState = LCD_Char_1_enableState;
  87   1          LCD_Char_1_SaveConfig();
  88   1          LCD_Char_1_Stop();
  89   1      }
  90          
  91          
  92          /*******************************************************************************
  93          * Function Name: LCD_Char_1_Wakeup
  94          ********************************************************************************
  95          *
  96          * Summary:
  97          *  Wakes component from sleep mode. Configures DMA and enables the component for
  98          *  normal operation.
  99          *
 100          * Parameters:
 101          *  LCD_Char_1_enableState - Global variable.
 102          *
 103          * Return:
 104          *  Status one of standard status for PSoC3 Component
 105          *       CYRET_SUCCESS - Function completed successfully.
 106          *       CYRET_LOCKED - The object was locked, already in use. Some of TDs or
 107          *                      a channel already in use.
 108          *
 109          * Reentrant:
 110          *  No.
 111          *
 112          *******************************************************************************/
 113          void LCD_Char_1_Wakeup(void)
 114          {
 115   1          LCD_Char_1_RestoreConfig();
C51 COMPILER V9.03   LCD_CHAR_1_PM                                                         07/11/2012 14:12:36 PAGE 3   

 116   1          
 117   1          if(LCD_Char_1_backup.enableState == 1u)
 118   1          {
 119   2              LCD_Char_1_Enable();
 120   2          }
 121   1      }
 122          
 123          
 124          /* [] END OF FILE */
C51 COMPILER V9.03   LCD_CHAR_1_PM                                                         07/11/2012 14:12:36 PAGE 4   

ASSEMBLY LISTING OF GENERATED OBJECT CODE


             ; FUNCTION LCD_Char_1_SaveConfig (BEGIN)
                                           ; SOURCE LINE # 43
                                           ; SOURCE LINE # 44
                                           ; SOURCE LINE # 45
0000 22                RET     
             ; FUNCTION LCD_Char_1_SaveConfig (END)

             ; FUNCTION LCD_Char_1_RestoreConfig (BEGIN)
                                           ; SOURCE LINE # 62
                                           ; SOURCE LINE # 63
                                           ; SOURCE LINE # 64
0000 22                RET     
             ; FUNCTION LCD_Char_1_RestoreConfig (END)

             ; FUNCTION LCD_Char_1_Sleep (BEGIN)
                                           ; SOURCE LINE # 84
                                           ; SOURCE LINE # 85
                                           ; SOURCE LINE # 86
0000 900000      E     MOV     DPTR,#LCD_Char_1_enableState
0003 E0                MOVX    A,@DPTR
0004 FF                MOV     R7,A
0005 900000      R     MOV     DPTR,#LCD_Char_1_backup
0008 EF                MOV     A,R7
0009 F0                MOVX    @DPTR,A
                                           ; SOURCE LINE # 87
000A 120000      R     LCALL   LCD_Char_1_SaveConfig
                                           ; SOURCE LINE # 88
000D 120000      E     LCALL   LCD_Char_1_Stop
                                           ; SOURCE LINE # 89
0010 22                RET     
             ; FUNCTION LCD_Char_1_Sleep (END)

             ; FUNCTION LCD_Char_1_Wakeup (BEGIN)
                                           ; SOURCE LINE # 113
                                           ; SOURCE LINE # 114
                                           ; SOURCE LINE # 115
0000 120000      R     LCALL   LCD_Char_1_RestoreConfig
                                           ; SOURCE LINE # 117
0003 900000      R     MOV     DPTR,#LCD_Char_1_backup
0006 E0                MOVX    A,@DPTR
0007 FF                MOV     R7,A
0008 EF                MOV     A,R7
0009 B40103            CJNE    A,#01H,?C0005
                                           ; SOURCE LINE # 118
                                           ; SOURCE LINE # 119
000C 120000      E     LCALL   LCD_Char_1_Enable
                                           ; SOURCE LINE # 120
                                           ; SOURCE LINE # 121
000F         ?C0005:
000F 22                RET     
             ; FUNCTION LCD_Char_1_Wakeup (END)



MODULE INFORMATION:   STATIC OVERLAYABLE
   CODE SIZE        =     35    ----
   CONSTANT SIZE    =   ----    ----
   XDATA SIZE       =      1    ----
   PDATA SIZE       =   ----    ----
C51 COMPILER V9.03   LCD_CHAR_1_PM                                                         07/11/2012 14:12:36 PAGE 5   

   DATA SIZE        =   ----    ----
   IDATA SIZE       =   ----    ----
   BIT SIZE         =   ----    ----
   EDATA SIZE       =   ----    ----
   HDATA SIZE       =   ----    ----
   XDATA CONST SIZE =   ----    ----
   FAR CONST SIZE   =   ----    ----
END OF MODULE INFORMATION.


C51 COMPILATION COMPLETE.  0 WARNING(S),  0 ERROR(S)
